<?xml version="1.0" encoding="utf-8" standalone="no"?>
<test-results xmlns:xsi="http://www.w3.org/2001/XMLSchema-instance" xsi:noNamespaceSchemaLocation="nunit_schema_2.5.xsd" name="Pester" total="3" errors="0" failures="0" not-run="0" inconclusive="0" ignored="0" skipped="0" invalid="0" date="2025-08-28" time="23:35:04">
  <environment clr-version="9.0.6" user="ShannonBrayParexTech" platform="Microsoft Windows 11 Business|C:\WINDOWS|\Device\Harddisk0\Partition3" cwd="C:\technical_update_briefings" nunit-version="2.5.8.0" os-version="10.0.26100" user-domain="AzureAD" machine-name="PAREX-9889" />
  <culture-info current-culture="en-US" current-uiculture="en-US" />
  <test-suite type="TestFixture" name="Pester" executed="True" result="Success" success="True" time="17.1417" asserts="0" description="Pester">
    <results>
      <test-suite type="TestFixture" name="C:\technical_update_briefings\tests\Style.Tests.ps1" executed="True" result="Success" success="True" time="17.1417" asserts="0" description="C:\technical_update_briefings\tests\Style.Tests.ps1">
        <results>
          <test-suite type="TestFixture" name="Style" executed="True" result="Success" success="True" time="0.168" asserts="0" description="Style">
            <results>
              <test-case description="Has no here-strings in PowerShell scripts" name="Style.Has no here-strings in PowerShell scripts" time="0.0946" asserts="0" success="True" result="Success" executed="True" />
              <test-case description="Avoids Measure-Object | Select-Object -ExpandProperty Count anti-pattern" name="Style.Avoids Measure-Object | Select-Object -ExpandProperty Count anti-pattern" time="0.0046" asserts="0" success="True" result="Success" executed="True" />
              <test-case description="Root package.json exists and is valid JSON" name="Style.Root package.json exists and is valid JSON" time="0.0251" asserts="0" success="True" result="Success" executed="True" />
            </results>
          </test-suite>
        </results>
      </test-suite>
    </results>
  </test-suite>
</test-results>